2022-03-27 22:12:19 [main] DEBUG by.jwd.finaltaskweb.dao.ConnectionPool - Connection was received from pool. Current pool size: 1 used connections; 0 free connection
2022-03-27 22:12:19 [main] DEBUG by.jwd.finaltaskweb.dao.ConnectionPool - Connection was received from pool. Current pool size: 1 used connections; 0 free connection
2022-03-27 22:12:19 [main] DEBUG jwd.finaltaskweb.dao.impl.UserDaoImpl - clients have been read from db
2022-03-27 22:12:19 [main] DEBUG jwd.finaltaskweb.dao.impl.UserDaoImpl - clients have been read from db
2022-03-28 12:16:12 [main] DEBUG by.jwd.finaltaskweb.dao.ConnectionPool - Connection was received from pool. Current pool size: 1 used connections; 0 free connection
2022-03-28 12:16:12 [main] DEBUG jwd.finaltaskweb.dao.impl.UserDaoImpl - clients have been read from db
2022-04-01 23:30:53 [main] DEBUG by.jwd.finaltaskweb.dao.ConnectionPool - Connection was received from pool. Current pool size: 1 used connections; 0 free connection
2022-04-01 23:30:53 [main] DEBUG by.jwd.finaltaskweb.dao.ConnectionPool - Connection was received from pool. Current pool size: 2 used connections; 0 free connection
2022-04-01 23:30:53 [main] DEBUG jwd.finaltaskweb.dao.impl.GroupDaoImpl - groups have been read from db
2022-04-01 23:32:59 [main] DEBUG by.jwd.finaltaskweb.dao.ConnectionPool - Connection was received from pool. Current pool size: 1 used connections; 0 free connection
2022-04-01 23:32:59 [main] DEBUG by.jwd.finaltaskweb.dao.ConnectionPool - Connection was received from pool. Current pool size: 2 used connections; 0 free connection
2022-04-01 23:32:59 [main] DEBUG jwd.finaltaskweb.dao.impl.GroupDaoImpl - groups have been read from db
2022-04-01 23:37:37 [main] DEBUG by.jwd.finaltaskweb.dao.ConnectionPool - Connection was received from pool. Current pool size: 1 used connections; 0 free connection
2022-04-01 23:37:37 [main] DEBUG by.jwd.finaltaskweb.dao.ConnectionPool - Connection was received from pool. Current pool size: 2 used connections; 0 free connection
2022-04-01 23:37:37 [main] DEBUG jwd.finaltaskweb.dao.impl.GroupDaoImpl - groups have been read from db
2022-04-01 23:38:40 [main] DEBUG by.jwd.finaltaskweb.dao.ConnectionPool - Connection was received from pool. Current pool size: 1 used connections; 0 free connection
2022-04-01 23:38:40 [main] DEBUG by.jwd.finaltaskweb.dao.ConnectionPool - Connection was received from pool. Current pool size: 2 used connections; 0 free connection
2022-04-01 23:38:40 [main] DEBUG jwd.finaltaskweb.dao.impl.GroupDaoImpl - groups have been read from db
2022-04-01 23:41:54 [main] DEBUG by.jwd.finaltaskweb.dao.ConnectionPool - Connection was received from pool. Current pool size: 1 used connections; 0 free connection
2022-04-01 23:41:54 [main] DEBUG by.jwd.finaltaskweb.dao.ConnectionPool - Connection was received from pool. Current pool size: 2 used connections; 0 free connection
2022-04-01 23:41:54 [main] DEBUG jwd.finaltaskweb.dao.impl.GroupDaoImpl - groups have been read from db
2022-04-01 23:45:15 [main] DEBUG by.jwd.finaltaskweb.dao.ConnectionPool - Connection was received from pool. Current pool size: 1 used connections; 0 free connection
2022-04-01 23:45:15 [main] DEBUG by.jwd.finaltaskweb.dao.ConnectionPool - Connection was received from pool. Current pool size: 2 used connections; 0 free connection
2022-04-01 23:45:15 [main] DEBUG jwd.finaltaskweb.dao.impl.GroupDaoImpl - groups have been read from db
2022-04-01 23:49:07 [main] DEBUG by.jwd.finaltaskweb.dao.ConnectionPool - Connection was received from pool. Current pool size: 1 used connections; 0 free connection
2022-04-01 23:49:07 [main] DEBUG by.jwd.finaltaskweb.dao.ConnectionPool - Connection was received from pool. Current pool size: 2 used connections; 0 free connection
2022-04-01 23:49:07 [main] DEBUG jwd.finaltaskweb.dao.impl.GroupDaoImpl - groups have been read from db
2022-04-01 23:52:55 [main] DEBUG by.jwd.finaltaskweb.dao.ConnectionPool - Connection was received from pool. Current pool size: 1 used connections; 0 free connection
2022-04-01 23:52:55 [main] DEBUG by.jwd.finaltaskweb.dao.ConnectionPool - Connection was received from pool. Current pool size: 2 used connections; 0 free connection
2022-04-01 23:52:55 [main] DEBUG jwd.finaltaskweb.dao.impl.GroupDaoImpl - groups have been read from db
2022-04-01 23:57:42 [main] DEBUG by.jwd.finaltaskweb.dao.ConnectionPool - Connection was received from pool. Current pool size: 1 used connections; 0 free connection
2022-04-01 23:57:42 [main] DEBUG by.jwd.finaltaskweb.dao.ConnectionPool - Connection was received from pool. Current pool size: 2 used connections; 0 free connection
2022-04-01 23:57:42 [main] DEBUG jwd.finaltaskweb.dao.impl.GroupDaoImpl - groups have been read from db
2022-04-02 00:00:47 [main] DEBUG by.jwd.finaltaskweb.dao.ConnectionPool - Connection was received from pool. Current pool size: 1 used connections; 0 free connection
2022-04-02 00:00:47 [main] DEBUG by.jwd.finaltaskweb.dao.ConnectionPool - Connection was received from pool. Current pool size: 2 used connections; 0 free connection
2022-04-02 00:00:47 [main] DEBUG jwd.finaltaskweb.dao.impl.GroupDaoImpl - groups have been read from db
2022-04-02 00:02:32 [main] DEBUG by.jwd.finaltaskweb.dao.ConnectionPool - Connection was received from pool. Current pool size: 1 used connections; 0 free connection
2022-04-02 00:02:32 [main] DEBUG by.jwd.finaltaskweb.dao.ConnectionPool - Connection was received from pool. Current pool size: 2 used connections; 0 free connection
2022-04-02 00:02:32 [main] DEBUG jwd.finaltaskweb.dao.impl.GroupDaoImpl - groups have been read from db
2022-04-02 00:05:21 [main] DEBUG by.jwd.finaltaskweb.dao.ConnectionPool - Connection was received from pool. Current pool size: 1 used connections; 0 free connection
2022-04-02 00:05:21 [main] DEBUG by.jwd.finaltaskweb.dao.ConnectionPool - Connection was received from pool. Current pool size: 2 used connections; 0 free connection
2022-04-02 00:05:21 [main] DEBUG jwd.finaltaskweb.dao.impl.GroupDaoImpl - groups have been read from db
2022-04-02 00:06:27 [main] DEBUG by.jwd.finaltaskweb.dao.ConnectionPool - Connection was received from pool. Current pool size: 1 used connections; 0 free connection
2022-04-02 00:06:27 [main] DEBUG by.jwd.finaltaskweb.dao.ConnectionPool - Connection was received from pool. Current pool size: 2 used connections; 0 free connection
2022-04-02 00:06:27 [main] DEBUG jwd.finaltaskweb.dao.impl.GroupDaoImpl - groups have been read from db
2022-04-02 00:40:16 [main] DEBUG by.jwd.finaltaskweb.dao.ConnectionPool - Connection was received from pool. Current pool size: 1 used connections; 0 free connection
2022-04-02 00:40:16 [main] DEBUG by.jwd.finaltaskweb.dao.ConnectionPool - Connection was received from pool. Current pool size: 2 used connections; 0 free connection
2022-04-02 00:42:49 [main] DEBUG by.jwd.finaltaskweb.dao.ConnectionPool - Connection was received from pool. Current pool size: 1 used connections; 0 free connection
2022-04-02 00:42:49 [main] DEBUG by.jwd.finaltaskweb.dao.ConnectionPool - Connection was received from pool. Current pool size: 2 used connections; 0 free connection
2022-04-02 00:43:56 [main] DEBUG by.jwd.finaltaskweb.dao.ConnectionPool - Connection was received from pool. Current pool size: 1 used connections; 0 free connection
2022-04-02 00:43:56 [main] DEBUG by.jwd.finaltaskweb.dao.ConnectionPool - Connection was received from pool. Current pool size: 2 used connections; 0 free connection
2022-04-02 00:47:33 [main] DEBUG by.jwd.finaltaskweb.dao.ConnectionPool - Connection was received from pool. Current pool size: 1 used connections; 0 free connection
2022-04-02 00:47:33 [main] DEBUG by.jwd.finaltaskweb.dao.ConnectionPool - Connection was received from pool. Current pool size: 2 used connections; 0 free connection
2022-04-02 00:50:33 [main] DEBUG by.jwd.finaltaskweb.dao.ConnectionPool - Connection was received from pool. Current pool size: 1 used connections; 0 free connection
2022-04-02 00:50:33 [main] DEBUG by.jwd.finaltaskweb.dao.ConnectionPool - Connection was received from pool. Current pool size: 2 used connections; 0 free connection
2022-04-02 00:50:33 [main] DEBUG jwd.finaltaskweb.dao.impl.GroupDaoImpl - group has been read by id
2022-04-02 00:50:33 [main] DEBUG jwd.finaltaskweb.dao.impl.GroupDaoImpl - group has been read by id
2022-04-02 00:50:33 [main] DEBUG jwd.finaltaskweb.dao.impl.GroupDaoImpl - group has been read by id
2022-04-02 00:59:16 [main] DEBUG by.jwd.finaltaskweb.dao.ConnectionPool - Connection was received from pool. Current pool size: 1 used connections; 0 free connection
2022-04-02 00:59:16 [main] DEBUG by.jwd.finaltaskweb.dao.ConnectionPool - Connection was received from pool. Current pool size: 2 used connections; 0 free connection
2022-04-02 00:59:16 [main] DEBUG jwd.finaltaskweb.dao.impl.GroupDaoImpl - group has been read by level
2022-04-02 00:59:16 [main] DEBUG jwd.finaltaskweb.dao.impl.GroupDaoImpl - group has been read by level
2022-04-02 00:59:16 [main] DEBUG jwd.finaltaskweb.dao.impl.GroupDaoImpl - group has been read by level
2022-04-02 00:59:16 [main] DEBUG jwd.finaltaskweb.dao.impl.GroupDaoImpl - group has been read by level
2022-04-02 00:59:16 [main] DEBUG jwd.finaltaskweb.dao.impl.GroupDaoImpl - group has been read by level
2022-04-02 00:59:16 [main] DEBUG jwd.finaltaskweb.dao.impl.GroupDaoImpl - group has been read by level
2022-04-02 00:59:16 [main] DEBUG jwd.finaltaskweb.dao.impl.GroupDaoImpl - group has been read by level
2022-04-02 01:00:41 [main] DEBUG by.jwd.finaltaskweb.dao.ConnectionPool - Connection was received from pool. Current pool size: 1 used connections; 0 free connection
2022-04-02 01:00:41 [main] DEBUG by.jwd.finaltaskweb.dao.ConnectionPool - Connection was received from pool. Current pool size: 2 used connections; 0 free connection
2022-04-02 01:00:41 [main] DEBUG jwd.finaltaskweb.dao.impl.GroupDaoImpl - group has been read by level
2022-04-02 01:00:41 [main] DEBUG jwd.finaltaskweb.dao.impl.GroupDaoImpl - group has been read by level
2022-04-02 01:00:41 [main] DEBUG jwd.finaltaskweb.dao.impl.GroupDaoImpl - group has been read by level
2022-04-02 01:00:41 [main] DEBUG jwd.finaltaskweb.dao.impl.GroupDaoImpl - group has been read by level
2022-04-02 01:00:41 [main] DEBUG jwd.finaltaskweb.dao.impl.GroupDaoImpl - group has been read by level
2022-04-02 01:00:41 [main] DEBUG jwd.finaltaskweb.dao.impl.GroupDaoImpl - group has been read by level
2022-04-02 01:00:41 [main] DEBUG jwd.finaltaskweb.dao.impl.GroupDaoImpl - group has been read by level
2022-04-02 01:01:42 [main] DEBUG by.jwd.finaltaskweb.dao.ConnectionPool - Connection was received from pool. Current pool size: 1 used connections; 0 free connection
2022-04-02 01:01:42 [main] DEBUG by.jwd.finaltaskweb.dao.ConnectionPool - Connection was received from pool. Current pool size: 2 used connections; 0 free connection
2022-04-02 01:01:42 [main] DEBUG jwd.finaltaskweb.dao.impl.GroupDaoImpl - group has been read by level
2022-04-02 01:01:42 [main] DEBUG jwd.finaltaskweb.dao.impl.GroupDaoImpl - group has been read by level
2022-04-02 01:01:42 [main] DEBUG jwd.finaltaskweb.dao.impl.GroupDaoImpl - group has been read by level
2022-04-02 01:01:42 [main] DEBUG jwd.finaltaskweb.dao.impl.GroupDaoImpl - group has been read by level
2022-04-02 01:01:42 [main] DEBUG jwd.finaltaskweb.dao.impl.GroupDaoImpl - group has been read by level
2022-04-02 01:01:42 [main] DEBUG jwd.finaltaskweb.dao.impl.GroupDaoImpl - group has been read by level
2022-04-02 01:01:42 [main] DEBUG jwd.finaltaskweb.dao.impl.GroupDaoImpl - group has been read by level
2022-04-02 01:03:42 [main] DEBUG by.jwd.finaltaskweb.dao.ConnectionPool - Connection was received from pool. Current pool size: 1 used connections; 0 free connection
2022-04-02 01:03:42 [main] DEBUG by.jwd.finaltaskweb.dao.ConnectionPool - Connection was received from pool. Current pool size: 2 used connections; 0 free connection
2022-04-02 01:03:42 [main] DEBUG jwd.finaltaskweb.dao.impl.GroupDaoImpl - group has been read by level
2022-04-02 01:03:42 [main] DEBUG jwd.finaltaskweb.dao.impl.GroupDaoImpl - group has been read by level
2022-04-02 01:03:42 [main] DEBUG jwd.finaltaskweb.dao.impl.GroupDaoImpl - group has been read by level
2022-04-02 01:03:42 [main] DEBUG jwd.finaltaskweb.dao.impl.GroupDaoImpl - group has been read by level
2022-04-02 01:03:42 [main] DEBUG jwd.finaltaskweb.dao.impl.GroupDaoImpl - group has been read by level
2022-04-02 01:03:42 [main] DEBUG jwd.finaltaskweb.dao.impl.GroupDaoImpl - group has been read by level
2022-04-02 01:03:42 [main] DEBUG jwd.finaltaskweb.dao.impl.GroupDaoImpl - group has been read by level
2022-04-02 01:08:38 [main] DEBUG by.jwd.finaltaskweb.dao.ConnectionPool - Connection was received from pool. Current pool size: 1 used connections; 0 free connection
2022-04-02 01:08:38 [main] DEBUG by.jwd.finaltaskweb.dao.ConnectionPool - Connection was received from pool. Current pool size: 2 used connections; 0 free connection
2022-04-02 01:08:38 [main] DEBUG jwd.finaltaskweb.dao.impl.GroupDaoImpl - group has been read by teacher_id
2022-04-02 01:08:38 [main] DEBUG jwd.finaltaskweb.dao.impl.GroupDaoImpl - group has been read by teacher_id
2022-04-02 01:08:38 [main] DEBUG jwd.finaltaskweb.dao.impl.GroupDaoImpl - group has been read by teacher_id
2022-04-02 01:21:38 [main] DEBUG by.jwd.finaltaskweb.dao.ConnectionPool - Connection was received from pool. Current pool size: 1 used connections; 0 free connection
2022-04-02 01:21:38 [main] DEBUG by.jwd.finaltaskweb.dao.ConnectionPool - Connection was received from pool. Current pool size: 2 used connections; 0 free connection
2022-04-02 01:26:05 [main] DEBUG by.jwd.finaltaskweb.dao.ConnectionPool - Connection was received from pool. Current pool size: 1 used connections; 0 free connection
2022-04-02 01:26:05 [main] DEBUG by.jwd.finaltaskweb.dao.ConnectionPool - Connection was received from pool. Current pool size: 2 used connections; 0 free connection
2022-04-02 01:29:08 [main] DEBUG by.jwd.finaltaskweb.dao.ConnectionPool - Connection was received from pool. Current pool size: 1 used connections; 0 free connection
2022-04-02 01:29:08 [main] DEBUG by.jwd.finaltaskweb.dao.ConnectionPool - Connection was received from pool. Current pool size: 2 used connections; 0 free connection
2022-04-02 01:29:08 [main] DEBUG jwd.finaltaskweb.dao.impl.GroupDaoImpl - com.mysql.cj.jdbc.ClientPreparedStatement: INSERT INTO group (title, teacher_id, level) VALUES ('group8', 4, 'BEG')
2022-04-02 01:30:54 [main] DEBUG by.jwd.finaltaskweb.dao.ConnectionPool - Connection was received from pool. Current pool size: 1 used connections; 0 free connection
2022-04-02 01:30:54 [main] DEBUG by.jwd.finaltaskweb.dao.ConnectionPool - Connection was received from pool. Current pool size: 2 used connections; 0 free connection
2022-04-02 01:30:54 [main] DEBUG jwd.finaltaskweb.dao.impl.GroupDaoImpl - com.mysql.cj.jdbc.ClientPreparedStatement: INSERT INTO `group` (title, teacher_id, level) VALUES ('group8', 4, 'BEG')
2022-04-02 01:30:54 [main] DEBUG jwd.finaltaskweb.dao.impl.GroupDaoImpl - group has been created
2022-04-02 01:30:55 [main] DEBUG jwd.finaltaskweb.dao.impl.GroupDaoImpl - groups have been read from db
2022-04-02 01:32:52 [main] DEBUG by.jwd.finaltaskweb.dao.ConnectionPool - Connection was received from pool. Current pool size: 1 used connections; 0 free connection
2022-04-02 01:32:52 [main] DEBUG by.jwd.finaltaskweb.dao.ConnectionPool - Connection was received from pool. Current pool size: 2 used connections; 0 free connection
2022-04-02 01:39:03 [main] DEBUG by.jwd.finaltaskweb.dao.ConnectionPool - Connection was received from pool. Current pool size: 1 used connections; 0 free connection
2022-04-02 01:39:03 [main] DEBUG by.jwd.finaltaskweb.dao.ConnectionPool - Connection was received from pool. Current pool size: 2 used connections; 0 free connection
2022-04-02 01:39:03 [main] DEBUG jwd.finaltaskweb.dao.impl.GroupDaoImpl - group has been deleted
2022-04-02 01:39:03 [main] DEBUG jwd.finaltaskweb.dao.impl.GroupDaoImpl - groups have been read from db
2022-04-02 01:39:03 [main] DEBUG jwd.finaltaskweb.dao.impl.GroupDaoImpl - group has been deleted
2022-04-02 01:41:58 [main] DEBUG by.jwd.finaltaskweb.dao.ConnectionPool - Connection was received from pool. Current pool size: 1 used connections; 0 free connection
2022-04-02 01:41:58 [main] DEBUG by.jwd.finaltaskweb.dao.ConnectionPool - Connection was received from pool. Current pool size: 2 used connections; 0 free connection
2022-04-02 01:41:58 [main] DEBUG jwd.finaltaskweb.dao.impl.GroupDaoImpl - group has been deleted
2022-04-02 01:41:58 [main] DEBUG jwd.finaltaskweb.dao.impl.GroupDaoImpl - groups have been read from db
2022-04-02 09:53:41 [main] DEBUG by.jwd.finaltaskweb.dao.ConnectionPool - Connection was received from pool. Current pool size: 1 used connections; 0 free connection
2022-04-02 09:53:41 [main] DEBUG by.jwd.finaltaskweb.dao.ConnectionPool - Connection was received from pool. Current pool size: 2 used connections; 0 free connection
2022-04-02 09:53:41 [main] DEBUG jwd.finaltaskweb.dao.impl.GroupDaoImpl - group has been deleted
2022-04-02 09:56:54 [main] DEBUG by.jwd.finaltaskweb.dao.ConnectionPool - Connection was received from pool. Current pool size: 1 used connections; 0 free connection
2022-04-02 09:56:54 [main] DEBUG by.jwd.finaltaskweb.dao.ConnectionPool - Connection was received from pool. Current pool size: 2 used connections; 0 free connection
2022-04-02 09:56:55 [main] DEBUG jwd.finaltaskweb.dao.impl.GroupDaoImpl - group has been deleted
2022-04-02 09:58:00 [main] DEBUG by.jwd.finaltaskweb.dao.ConnectionPool - Connection was received from pool. Current pool size: 1 used connections; 0 free connection
2022-04-02 09:58:00 [main] DEBUG by.jwd.finaltaskweb.dao.ConnectionPool - Connection was received from pool. Current pool size: 2 used connections; 0 free connection
2022-04-02 09:58:00 [main] DEBUG jwd.finaltaskweb.dao.impl.GroupDaoImpl - group has been deleted
2022-04-02 09:59:50 [main] DEBUG by.jwd.finaltaskweb.dao.ConnectionPool - Connection was received from pool. Current pool size: 1 used connections; 0 free connection
2022-04-02 09:59:50 [main] DEBUG by.jwd.finaltaskweb.dao.ConnectionPool - Connection was received from pool. Current pool size: 2 used connections; 0 free connection
2022-04-02 09:59:50 [main] DEBUG jwd.finaltaskweb.dao.impl.GroupDaoImpl - group has been deleted
2022-04-02 10:06:37 [main] DEBUG by.jwd.finaltaskweb.dao.ConnectionPool - Connection was received from pool. Current pool size: 1 used connections; 0 free connection
2022-04-02 10:06:37 [main] DEBUG by.jwd.finaltaskweb.dao.ConnectionPool - Connection was received from pool. Current pool size: 2 used connections; 0 free connection
2022-04-02 10:06:37 [main] DEBUG jwd.finaltaskweb.dao.impl.GroupDaoImpl - groups have been read from db
2022-04-02 10:12:20 [main] DEBUG by.jwd.finaltaskweb.dao.ConnectionPool - Connection was received from pool. Current pool size: 1 used connections; 0 free connection
2022-04-02 10:12:20 [main] DEBUG by.jwd.finaltaskweb.dao.ConnectionPool - Connection was received from pool. Current pool size: 2 used connections; 0 free connection
2022-04-02 10:12:20 [main] DEBUG jwd.finaltaskweb.dao.impl.GroupDaoImpl - group has been deleted
2022-04-02 10:12:20 [main] DEBUG jwd.finaltaskweb.dao.impl.GroupDaoImpl - groups have been read from db
2022-04-02 10:28:39 [main] DEBUG by.jwd.finaltaskweb.dao.ConnectionPool - Connection was received from pool. Current pool size: 1 used connections; 0 free connection
2022-04-02 10:28:39 [main] DEBUG by.jwd.finaltaskweb.dao.ConnectionPool - Connection was received from pool. Current pool size: 2 used connections; 0 free connection
2022-04-02 10:28:39 [main] DEBUG jwd.finaltaskweb.dao.impl.GroupDaoImpl - group has been created
2022-04-02 10:28:39 [main] DEBUG jwd.finaltaskweb.dao.impl.GroupDaoImpl - groups have been read from db
2022-04-02 10:28:39 [main] DEBUG jwd.finaltaskweb.dao.impl.GroupDaoImpl - groups have been read from db
2022-04-02 10:31:35 [main] DEBUG by.jwd.finaltaskweb.dao.ConnectionPool - Connection was received from pool. Current pool size: 1 used connections; 0 free connection
2022-04-02 10:31:35 [main] DEBUG by.jwd.finaltaskweb.dao.ConnectionPool - Connection was received from pool. Current pool size: 2 used connections; 0 free connection
2022-04-02 10:31:35 [main] DEBUG jwd.finaltaskweb.dao.impl.GroupDaoImpl - group has been created
2022-04-02 10:31:35 [main] DEBUG jwd.finaltaskweb.dao.impl.GroupDaoImpl - groups have been read from db
2022-04-02 10:31:35 [main] DEBUG jwd.finaltaskweb.dao.impl.GroupDaoImpl - groups have been read from db
2022-04-02 10:31:35 [main] DEBUG jwd.finaltaskweb.dao.impl.GroupDaoImpl - group has been deleted
2022-04-02 10:31:35 [main] DEBUG jwd.finaltaskweb.dao.impl.GroupDaoImpl - groups have been read from db
2022-04-02 10:35:08 [main] DEBUG by.jwd.finaltaskweb.dao.ConnectionPool - Connection was received from pool. Current pool size: 1 used connections; 0 free connection
2022-04-02 10:35:09 [main] DEBUG by.jwd.finaltaskweb.dao.ConnectionPool - Connection was received from pool. Current pool size: 2 used connections; 0 free connection
2022-04-02 10:35:09 [main] DEBUG jwd.finaltaskweb.dao.impl.GroupDaoImpl - group has been created
2022-04-02 10:35:09 [main] DEBUG jwd.finaltaskweb.dao.impl.GroupDaoImpl - groups have been read from db
2022-04-02 10:35:09 [main] DEBUG jwd.finaltaskweb.dao.impl.GroupDaoImpl - groups have been read from db
2022-04-02 10:35:09 [main] DEBUG jwd.finaltaskweb.dao.impl.GroupDaoImpl - group has been deleted
2022-04-02 10:35:09 [main] DEBUG jwd.finaltaskweb.dao.impl.GroupDaoImpl - groups have been read from db
2022-04-02 10:37:49 [main] DEBUG by.jwd.finaltaskweb.dao.ConnectionPool - Connection was received from pool. Current pool size: 1 used connections; 0 free connection
2022-04-02 10:37:49 [main] DEBUG by.jwd.finaltaskweb.dao.ConnectionPool - Connection was received from pool. Current pool size: 2 used connections; 0 free connection
2022-04-02 10:37:49 [main] DEBUG jwd.finaltaskweb.dao.impl.GroupDaoImpl - group has been created
2022-04-02 10:37:49 [main] DEBUG jwd.finaltaskweb.dao.impl.GroupDaoImpl - groups have been read from db
2022-04-02 10:37:49 [main] DEBUG jwd.finaltaskweb.dao.impl.GroupDaoImpl - groups have been read from db
2022-04-02 10:37:49 [main] DEBUG jwd.finaltaskweb.dao.impl.GroupDaoImpl - group has been deleted
2022-04-02 10:37:49 [main] DEBUG jwd.finaltaskweb.dao.impl.GroupDaoImpl - groups have been read from db
2022-04-02 10:47:56 [main] DEBUG by.jwd.finaltaskweb.dao.ConnectionPool - Connection was received from pool. Current pool size: 1 used connections; 0 free connection
2022-04-02 10:47:56 [main] DEBUG by.jwd.finaltaskweb.dao.ConnectionPool - Connection was received from pool. Current pool size: 2 used connections; 0 free connection
2022-04-02 10:47:56 [main] DEBUG jwd.finaltaskweb.dao.impl.GroupDaoImpl - group has been read by id
2022-04-02 10:47:56 [main] DEBUG jwd.finaltaskweb.dao.impl.GroupDaoImpl - group has been read by id
2022-04-02 10:47:56 [main] DEBUG jwd.finaltaskweb.dao.impl.GroupDaoImpl - group has been read by id
2022-04-02 10:47:56 [main] DEBUG jwd.finaltaskweb.dao.impl.GroupDaoImpl - group has been read by level
2022-04-02 10:47:56 [main] DEBUG jwd.finaltaskweb.dao.impl.GroupDaoImpl - group has been read by level
2022-04-02 10:47:56 [main] DEBUG jwd.finaltaskweb.dao.impl.GroupDaoImpl - group has been read by level
2022-04-02 10:47:56 [main] DEBUG jwd.finaltaskweb.dao.impl.GroupDaoImpl - group has been read by level
2022-04-02 10:47:56 [main] DEBUG jwd.finaltaskweb.dao.impl.GroupDaoImpl - group has been read by level
2022-04-02 10:47:56 [main] DEBUG jwd.finaltaskweb.dao.impl.GroupDaoImpl - group has been read by level
2022-04-02 10:47:56 [main] DEBUG jwd.finaltaskweb.dao.impl.GroupDaoImpl - group has been read by level
2022-04-02 10:47:56 [main] DEBUG jwd.finaltaskweb.dao.impl.GroupDaoImpl - groups have been read from db
2022-04-02 10:47:56 [main] DEBUG jwd.finaltaskweb.dao.impl.GroupDaoImpl - group has been created
2022-04-02 10:47:56 [main] DEBUG jwd.finaltaskweb.dao.impl.GroupDaoImpl - groups have been read from db
2022-04-02 10:47:56 [main] DEBUG jwd.finaltaskweb.dao.impl.GroupDaoImpl - group has been read by teacher_id
2022-04-02 10:47:56 [main] DEBUG jwd.finaltaskweb.dao.impl.GroupDaoImpl - group has been read by teacher_id
2022-04-02 10:47:56 [main] DEBUG jwd.finaltaskweb.dao.impl.GroupDaoImpl - group has been read by teacher_id
2022-04-02 10:47:56 [main] DEBUG jwd.finaltaskweb.dao.impl.GroupDaoImpl - groups have been read from db
2022-04-02 10:47:57 [main] DEBUG jwd.finaltaskweb.dao.impl.GroupDaoImpl - group has been deleted
2022-04-02 10:47:57 [main] DEBUG jwd.finaltaskweb.dao.impl.GroupDaoImpl - groups have been read from db
2022-04-02 10:51:21 [main] DEBUG by.jwd.finaltaskweb.dao.ConnectionPool - Connection was received from pool. Current pool size: 1 used connections; 0 free connection
2022-04-02 10:51:21 [main] DEBUG by.jwd.finaltaskweb.dao.ConnectionPool - Connection was received from pool. Current pool size: 2 used connections; 0 free connection
2022-04-02 10:51:21 [main] DEBUG jwd.finaltaskweb.dao.impl.GroupDaoImpl - groups have been read from db
2022-04-02 10:51:21 [main] DEBUG jwd.finaltaskweb.dao.impl.GroupDaoImpl - group has been read by level
2022-04-02 10:51:21 [main] DEBUG jwd.finaltaskweb.dao.impl.GroupDaoImpl - group has been read by level
2022-04-02 10:51:21 [main] DEBUG jwd.finaltaskweb.dao.impl.GroupDaoImpl - group has been read by level
2022-04-02 10:51:21 [main] DEBUG jwd.finaltaskweb.dao.impl.GroupDaoImpl - group has been read by level
2022-04-02 10:51:21 [main] DEBUG jwd.finaltaskweb.dao.impl.GroupDaoImpl - group has been read by level
2022-04-02 10:51:21 [main] DEBUG jwd.finaltaskweb.dao.impl.GroupDaoImpl - group has been read by level
2022-04-02 10:51:21 [main] DEBUG jwd.finaltaskweb.dao.impl.GroupDaoImpl - group has been read by level
2022-04-02 10:51:21 [main] DEBUG jwd.finaltaskweb.dao.impl.GroupDaoImpl - group has been read by id
2022-04-02 10:51:21 [main] DEBUG jwd.finaltaskweb.dao.impl.GroupDaoImpl - group has been read by id
2022-04-02 10:51:21 [main] DEBUG jwd.finaltaskweb.dao.impl.GroupDaoImpl - group has been read by id
2022-04-02 10:51:21 [main] DEBUG jwd.finaltaskweb.dao.impl.GroupDaoImpl - group has been read by teacher_id
2022-04-02 10:51:21 [main] DEBUG jwd.finaltaskweb.dao.impl.GroupDaoImpl - group has been read by teacher_id
2022-04-02 10:51:21 [main] DEBUG jwd.finaltaskweb.dao.impl.GroupDaoImpl - group has been read by teacher_id
2022-04-02 10:51:34 [main] DEBUG by.jwd.finaltaskweb.dao.ConnectionPool - Connection was received from pool. Current pool size: 1 used connections; 0 free connection
2022-04-02 10:51:34 [main] DEBUG by.jwd.finaltaskweb.dao.ConnectionPool - Connection was received from pool. Current pool size: 2 used connections; 0 free connection
2022-04-02 10:51:34 [main] DEBUG jwd.finaltaskweb.dao.impl.GroupDaoImpl - group has been created
2022-04-02 10:51:34 [main] DEBUG jwd.finaltaskweb.dao.impl.GroupDaoImpl - groups have been read from db
2022-04-02 10:51:34 [main] DEBUG jwd.finaltaskweb.dao.impl.GroupDaoImpl - groups have been read from db
2022-04-02 10:51:34 [main] DEBUG jwd.finaltaskweb.dao.impl.GroupDaoImpl - group has been deleted
2022-04-02 10:51:34 [main] DEBUG jwd.finaltaskweb.dao.impl.GroupDaoImpl - groups have been read from db
2022-04-02 10:58:19 [main] DEBUG by.jwd.finaltaskweb.dao.ConnectionPool - Connection was received from pool. Current pool size: 1 used connections; 0 free connection
2022-04-02 10:58:19 [main] DEBUG by.jwd.finaltaskweb.dao.ConnectionPool - Connection was received from pool. Current pool size: 2 used connections; 0 free connection
2022-04-02 11:01:42 [main] DEBUG by.jwd.finaltaskweb.dao.ConnectionPool - Connection was received from pool. Current pool size: 1 used connections; 0 free connection
2022-04-02 11:01:42 [main] DEBUG by.jwd.finaltaskweb.dao.ConnectionPool - Connection was received from pool. Current pool size: 2 used connections; 0 free connection
2022-04-02 11:05:31 [main] DEBUG by.jwd.finaltaskweb.dao.ConnectionPool - Connection was received from pool. Current pool size: 1 used connections; 0 free connection
2022-04-02 11:05:31 [main] DEBUG by.jwd.finaltaskweb.dao.ConnectionPool - Connection was received from pool. Current pool size: 2 used connections; 0 free connection
2022-04-02 11:05:31 [main] DEBUG jwd.finaltaskweb.dao.impl.GroupDaoImpl - statement com.mysql.cj.jdbc.ClientPreparedStatement: UPDATE `group` SET title = 'group7100', teacher_id = 6, level = 'BEG' WHERE id = 7
2022-04-02 11:10:47 [main] DEBUG by.jwd.finaltaskweb.dao.ConnectionPool - Connection was received from pool. Current pool size: 1 used connections; 0 free connection
2022-04-02 11:10:47 [main] DEBUG by.jwd.finaltaskweb.dao.ConnectionPool - Connection was received from pool. Current pool size: 2 used connections; 0 free connection
2022-04-02 11:10:47 [main] DEBUG jwd.finaltaskweb.dao.impl.GroupDaoImpl - statement com.mysql.cj.jdbc.ClientPreparedStatement: UPDATE `group` SET title = 'group7100', teacher_id = 5, level = 'BEG' WHERE id = 7
2022-04-02 11:10:47 [main] DEBUG jwd.finaltaskweb.dao.impl.GroupDaoImpl - group has been updated
2022-04-02 11:10:47 [main] DEBUG jwd.finaltaskweb.dao.impl.GroupDaoImpl - groups have been read from db
2022-04-02 11:10:47 [main] DEBUG jwd.finaltaskweb.dao.impl.GroupDaoImpl - statement com.mysql.cj.jdbc.ClientPreparedStatement: UPDATE `group` SET title = 'group7', teacher_id = 5, level = 'BEG' WHERE id = 7
2022-04-02 11:10:47 [main] DEBUG jwd.finaltaskweb.dao.impl.GroupDaoImpl - group has been updated
2022-04-02 11:10:47 [main] DEBUG jwd.finaltaskweb.dao.impl.GroupDaoImpl - groups have been read from db
2022-04-02 11:11:08 [main] DEBUG by.jwd.finaltaskweb.dao.ConnectionPool - Connection was received from pool. Current pool size: 1 used connections; 0 free connection
2022-04-02 11:11:08 [main] DEBUG by.jwd.finaltaskweb.dao.ConnectionPool - Connection was received from pool. Current pool size: 2 used connections; 0 free connection
2022-04-02 11:11:08 [main] DEBUG jwd.finaltaskweb.dao.impl.GroupDaoImpl - statement com.mysql.cj.jdbc.ClientPreparedStatement: UPDATE `group` SET title = 'group7100', teacher_id = 5, level = 'BEG' WHERE id = 7
2022-04-02 11:11:08 [main] DEBUG jwd.finaltaskweb.dao.impl.GroupDaoImpl - group has been updated
2022-04-02 11:11:08 [main] DEBUG jwd.finaltaskweb.dao.impl.GroupDaoImpl - groups have been read from db
2022-04-02 11:11:08 [main] DEBUG jwd.finaltaskweb.dao.impl.GroupDaoImpl - statement com.mysql.cj.jdbc.ClientPreparedStatement: UPDATE `group` SET title = 'group7', teacher_id = 5, level = 'BEG' WHERE id = 7
2022-04-02 11:11:08 [main] DEBUG jwd.finaltaskweb.dao.impl.GroupDaoImpl - group has been updated
2022-04-02 11:11:08 [main] DEBUG jwd.finaltaskweb.dao.impl.GroupDaoImpl - groups have been read from db
2022-04-02 11:14:20 [main] DEBUG by.jwd.finaltaskweb.dao.ConnectionPool - Connection was received from pool. Current pool size: 1 used connections; 0 free connection
2022-04-02 11:14:20 [main] DEBUG by.jwd.finaltaskweb.dao.ConnectionPool - Connection was received from pool. Current pool size: 2 used connections; 0 free connection
2022-04-02 11:14:20 [main] DEBUG jwd.finaltaskweb.dao.impl.GroupDaoImpl - group has been read by level
2022-04-02 11:14:20 [main] DEBUG jwd.finaltaskweb.dao.impl.GroupDaoImpl - group has been read by level
2022-04-02 11:14:20 [main] DEBUG jwd.finaltaskweb.dao.impl.GroupDaoImpl - group has been read by level
2022-04-02 11:14:20 [main] DEBUG jwd.finaltaskweb.dao.impl.GroupDaoImpl - group has been read by level
2022-04-02 11:14:20 [main] DEBUG jwd.finaltaskweb.dao.impl.GroupDaoImpl - group has been read by level
2022-04-02 11:14:20 [main] DEBUG jwd.finaltaskweb.dao.impl.GroupDaoImpl - group has been read by level
2022-04-02 11:14:20 [main] DEBUG jwd.finaltaskweb.dao.impl.GroupDaoImpl - group has been read by level
2022-04-02 11:14:20 [main] DEBUG jwd.finaltaskweb.dao.impl.GroupDaoImpl - groups have been read from db
2022-04-02 11:14:20 [main] DEBUG jwd.finaltaskweb.dao.impl.GroupDaoImpl - group has been read by id
2022-04-02 11:14:20 [main] DEBUG jwd.finaltaskweb.dao.impl.GroupDaoImpl - group has been read by id
2022-04-02 11:14:20 [main] DEBUG jwd.finaltaskweb.dao.impl.GroupDaoImpl - group has been read by id
2022-04-02 11:14:21 [main] DEBUG jwd.finaltaskweb.dao.impl.GroupDaoImpl - group has been read by teacher_id
2022-04-02 11:14:21 [main] DEBUG jwd.finaltaskweb.dao.impl.GroupDaoImpl - group has been read by teacher_id
2022-04-02 11:14:21 [main] DEBUG jwd.finaltaskweb.dao.impl.GroupDaoImpl - group has been read by teacher_id
