2022-01-02 23:23:54 [main] ERROR
			by.jwd.task03innerclass.controller.Runner - wrong quantity of args
2022-01-02 23:23:54 [main] ERROR
			by.jwd.task03innerclass.controller.Runner - wrong quantity of args
2022-01-02 23:25:32 [main] ERROR
			by.jwd.task03innerclass.controller.FindAssortmentOfDepartmentCommandImpl - file data not found or incorrect data
2022-01-02 23:25:32 [main] ERROR
			by.jwd.task03innerclass.controller.FindAssortmentOfDepartmentCommandImpl - file data not found or incorrect data
2022-01-03 00:39:57 [main] ERROR
			by.jwd.task03innerclass.controller.FindAssortmentOfDepartmentCommandImpl - file data not found or incorrect data
2022-01-03 00:39:57 [main] ERROR
			by.jwd.task03innerclass.controller.FindAssortmentOfDepartmentCommandImpl - file data not found or incorrect data
2022-01-03 00:57:22 [main] ERROR
			by.jwd.task03innerclass.controller.FindAllShopDepartmentCommandImpl - file data not found or incorrect data
2022-01-03 00:57:22 [main] ERROR
			by.jwd.task03innerclass.controller.FindAllShopDepartmentCommandImpl - file data not found or incorrect data
2022-01-04 00:40:34 [main] ERROR
			by.jwd.task03innerclass.controller.Runner - Wrong quantity of args
2022-01-04 00:40:34 [main] ERROR
			by.jwd.task03innerclass.controller.Runner - Wrong quantity of args
2022-01-04 00:43:58 [main] ERROR
			by.jwd.task03innerclass.controller.Runner - Wrong quantity of args
2022-01-04 00:43:58 [main] ERROR
			by.jwd.task03innerclass.controller.Runner - Wrong quantity of args
2022-01-04 13:45:31 [main] ERROR
			by.jwd.task03innerclass.controller.FindDepartmentByGoodCommandImpl - file data not found or incorrect data
2022-01-04 13:45:31 [main] ERROR
			by.jwd.task03innerclass.controller.FindDepartmentByGoodCommandImpl - file data not found or incorrect data
2022-01-04 13:46:11 [main] ERROR
			by.jwd.task03innerclass.controller.FindDepartmentByGoodCommandImpl - file data not found or incorrect data
2022-01-04 13:46:11 [main] ERROR
			by.jwd.task03innerclass.controller.FindDepartmentByGoodCommandImpl - file data not found or incorrect data
2022-01-04 18:11:56 [main] ERROR
			by.jwd.task03innerclass.controller.FindAllStoreDepartmentCommandImpl - file data not found or incorrect data
2022-01-04 18:11:56 [main] ERROR
			by.jwd.task03innerclass.controller.FindAllStoreDepartmentCommandImpl - file data not found or incorrect data
2022-01-04 18:12:16 [main] ERROR
			by.jwd.task03innerclass.controller.FindAllStoreDepartmentCommandImpl - file data not found or incorrect data
2022-01-04 18:12:16 [main] ERROR
			by.jwd.task03innerclass.controller.FindAllStoreDepartmentCommandImpl - file data not found or incorrect data
2022-01-04 18:12:27 [main] ERROR
			by.jwd.task03innerclass.controller.FindAssortmentOfDepartmentCommandImpl - file data not found or incorrect data
2022-01-04 18:12:27 [main] ERROR
			by.jwd.task03innerclass.controller.FindAssortmentOfDepartmentCommandImpl - file data not found or incorrect data
2022-01-04 18:12:55 [main] ERROR
			by.jwd.task03innerclass.controller.FindAllStoreDepartmentCommandImpl - file data not found or incorrect data
2022-01-04 18:12:55 [main] ERROR
			by.jwd.task03innerclass.controller.FindAllStoreDepartmentCommandImpl - file data not found or incorrect data
2022-01-04 19:14:29 [main] ERROR
			by.jwd.task03innerclass.controller.FindAssortmentOfDepartmentCommandImpl - file data not found or incorrect data
2022-01-04 19:14:29 [main] ERROR
			by.jwd.task03innerclass.controller.FindAssortmentOfDepartmentCommandImpl - file data not found or incorrect data
2022-01-04 20:26:01 [main] ERROR
			by.jwd.task03innerclass.controller.FindAllStoreDepartmentCommandImpl - file data not found or incorrect data
2022-01-04 20:26:01 [main] ERROR
			by.jwd.task03innerclass.controller.FindAllStoreDepartmentCommandImpl - file data not found or incorrect data
2022-01-04 20:26:31 [main] ERROR
			by.jwd.task03innerclass.controller.FindDepartmentByGoodCommandImpl - file data not found or incorrect data
2022-01-04 20:26:31 [main] ERROR
			by.jwd.task03innerclass.controller.FindDepartmentByGoodCommandImpl - file data not found or incorrect data
2022-01-04 20:37:39 [main] ERROR
			by.jwd.task03innerclass.controller.FindAllStoreDepartmentCommandImpl - file data not found or incorrect data
2022-01-04 20:37:39 [main] ERROR
			by.jwd.task03innerclass.controller.FindAllStoreDepartmentCommandImpl - file data not found or incorrect data
2022-01-07 01:08:29 [main] ERROR
			by.jwd.task03innerclass.controller.FindDepartmentByGoodCommandImpl - file data not found or incorrect data
2022-01-07 01:08:29 [main] ERROR
			by.jwd.task03innerclass.controller.FindDepartmentByGoodCommandImpl - file data not found or incorrect data
2022-01-07 01:09:33 [main] ERROR
			by.jwd.task03innerclass.controller.FindDepartmentByGoodCommandImpl - file data not found or incorrect data
2022-01-07 01:09:33 [main] ERROR
			by.jwd.task03innerclass.controller.FindDepartmentByGoodCommandImpl - file data not found or incorrect data
2022-01-07 01:19:02 [main] ERROR
			by.jwd.task03innerclass.controller.FindDepartmentByGoodCommandImpl - file data not found or incorrect data
2022-01-07 01:19:02 [main] ERROR
			by.jwd.task03innerclass.controller.FindDepartmentByGoodCommandImpl - file data not found or incorrect data
2022-01-07 20:42:03 [main] DEBUG
			by.jwd.task03innerclass.service.Validation - start validation
2022-01-07 20:42:03 [main] DEBUG
			by.jwd.task03innerclass.service.Validation - start validation
2022-01-07 20:42:03 [main] DEBUG
			by.jwd.task03innerclass.service.Validation - end validation
2022-01-07 20:42:03 [main] DEBUG
			by.jwd.task03innerclass.service.Validation - end validation
2022-01-07 20:42:03 [main] DEBUG
			jwd.task03innerclass.service.impl.FindAllAvailiableAssortmentServiceImpl - start find assortment
2022-01-07 20:42:03 [main] DEBUG
			jwd.task03innerclass.service.impl.FindAllAvailiableAssortmentServiceImpl - start find assortment
2022-01-07 20:42:03 [main] DEBUG
			jwd.task03innerclass.service.impl.FindAllAvailiableAssortmentServiceImpl - end find assortment
2022-01-07 20:42:03 [main] DEBUG
			jwd.task03innerclass.service.impl.FindAllAvailiableAssortmentServiceImpl - end find assortment
2022-01-07 20:42:03 [main] DEBUG
			by.jwd.task03innerclass.service.Validation - start validation
2022-01-07 20:42:03 [main] DEBUG
			by.jwd.task03innerclass.service.Validation - start validation
2022-01-07 20:42:03 [main] DEBUG
			by.jwd.task03innerclass.service.Validation - end validation
2022-01-07 20:42:03 [main] DEBUG
			by.jwd.task03innerclass.service.Validation - end validation
2022-01-07 20:42:03 [main] DEBUG
			jwd.task03innerclass.service.impl.FindAllAvailiableAssortmentServiceImpl - start find assortment
2022-01-07 20:42:03 [main] DEBUG
			jwd.task03innerclass.service.impl.FindAllAvailiableAssortmentServiceImpl - start find assortment
2022-01-07 20:42:03 [main] DEBUG
			jwd.task03innerclass.service.impl.FindAllAvailiableAssortmentServiceImpl - end find assortment
2022-01-07 20:42:03 [main] DEBUG
			jwd.task03innerclass.service.impl.FindAllAvailiableAssortmentServiceImpl - end find assortment
2022-01-07 20:42:03 [main] DEBUG
			by.jwd.task03innerclass.service.Validation - start validation
2022-01-07 20:42:03 [main] DEBUG
			by.jwd.task03innerclass.service.Validation - start validation
2022-01-07 20:42:03 [main] DEBUG
			by.jwd.task03innerclass.service.Validation - start validation
2022-01-07 20:42:03 [main] DEBUG
			by.jwd.task03innerclass.service.Validation - start validation
2022-01-07 20:42:03 [main] DEBUG
			by.jwd.task03innerclass.service.Validation - end validation
2022-01-07 20:42:03 [main] DEBUG
			by.jwd.task03innerclass.service.Validation - end validation
2022-01-07 20:42:03 [main] DEBUG
			jwd.task03innerclass.service.impl.FindAssortmentOfDepartmentServiceImpl - start find assortment of the named department
2022-01-07 20:42:03 [main] DEBUG
			jwd.task03innerclass.service.impl.FindAssortmentOfDepartmentServiceImpl - start find assortment of the named department
2022-01-07 20:42:03 [main] DEBUG
			jwd.task03innerclass.service.impl.FindAssortmentOfDepartmentServiceImpl - end find assortment of the named department
2022-01-07 20:42:03 [main] DEBUG
			jwd.task03innerclass.service.impl.FindAssortmentOfDepartmentServiceImpl - end find assortment of the named department
2022-01-07 20:42:03 [main] DEBUG
			jwd.task03innerclass.service.impl.FindAssortmentOfDepartmentServiceImpl - start write to file
2022-01-07 20:42:03 [main] DEBUG
			jwd.task03innerclass.service.impl.FindAssortmentOfDepartmentServiceImpl - start write to file
2022-01-07 20:42:03 [main] DEBUG
			jwd.task03innerclass.service.impl.FindAssortmentOfDepartmentServiceImpl - end write to file
2022-01-07 20:42:03 [main] DEBUG
			jwd.task03innerclass.service.impl.FindAssortmentOfDepartmentServiceImpl - end write to file
2022-01-07 20:42:03 [main] DEBUG
			by.jwd.task03innerclass.service.Validation - start validation
2022-01-07 20:42:03 [main] DEBUG
			by.jwd.task03innerclass.service.Validation - start validation
2022-01-07 20:42:03 [main] DEBUG
			by.jwd.task03innerclass.service.Validation - end validation
2022-01-07 20:42:03 [main] DEBUG
			by.jwd.task03innerclass.service.Validation - end validation
2022-01-07 20:42:03 [main] DEBUG
			jwd.task03innerclass.service.impl.FindAssortmentOfDepartmentServiceImpl - start find assortment of the named department
2022-01-07 20:42:03 [main] DEBUG
			jwd.task03innerclass.service.impl.FindAssortmentOfDepartmentServiceImpl - start find assortment of the named department
2022-01-07 20:42:03 [main] DEBUG
			jwd.task03innerclass.service.impl.FindAssortmentOfDepartmentServiceImpl - end find assortment of the named department
2022-01-07 20:42:03 [main] DEBUG
			jwd.task03innerclass.service.impl.FindAssortmentOfDepartmentServiceImpl - end find assortment of the named department
2022-01-07 20:42:03 [main] DEBUG
			jwd.task03innerclass.service.impl.FindAssortmentOfDepartmentServiceImpl - start write to file
2022-01-07 20:42:03 [main] DEBUG
			jwd.task03innerclass.service.impl.FindAssortmentOfDepartmentServiceImpl - start write to file
2022-01-07 20:42:03 [main] DEBUG
			jwd.task03innerclass.service.impl.FindAssortmentOfDepartmentServiceImpl - end write to file
2022-01-07 20:42:03 [main] DEBUG
			jwd.task03innerclass.service.impl.FindAssortmentOfDepartmentServiceImpl - end write to file
2022-01-07 20:42:03 [main] DEBUG
			by.jwd.task03innerclass.service.Validation - start validation
2022-01-07 20:42:03 [main] DEBUG
			by.jwd.task03innerclass.service.Validation - start validation
2022-01-07 20:42:03 [main] DEBUG
			by.jwd.task03innerclass.service.Validation - end validation
2022-01-07 20:42:03 [main] DEBUG
			by.jwd.task03innerclass.service.Validation - end validation
2022-01-07 20:42:03 [main] DEBUG
			jwd.task03innerclass.service.impl.FindAllAvailiableDepartmentsServiceImpl - start find departments
2022-01-07 20:42:03 [main] DEBUG
			jwd.task03innerclass.service.impl.FindAllAvailiableDepartmentsServiceImpl - start find departments
2022-01-07 20:42:03 [main] DEBUG
			jwd.task03innerclass.service.impl.FindAllAvailiableDepartmentsServiceImpl - end find departments
2022-01-07 20:42:03 [main] DEBUG
			jwd.task03innerclass.service.impl.FindAllAvailiableDepartmentsServiceImpl - end find departments
2022-01-07 20:42:03 [main] DEBUG
			by.jwd.task03innerclass.service.Validation - start validation
2022-01-07 20:42:03 [main] DEBUG
			by.jwd.task03innerclass.service.Validation - start validation
2022-01-07 20:42:03 [main] DEBUG
			by.jwd.task03innerclass.service.Validation - end validation
2022-01-07 20:42:03 [main] DEBUG
			by.jwd.task03innerclass.service.Validation - end validation
2022-01-07 20:42:03 [main] DEBUG
			jwd.task03innerclass.service.impl.FindAllAvailiableDepartmentsServiceImpl - start find departments
2022-01-07 20:42:03 [main] DEBUG
			jwd.task03innerclass.service.impl.FindAllAvailiableDepartmentsServiceImpl - start find departments
2022-01-07 20:42:03 [main] DEBUG
			jwd.task03innerclass.service.impl.FindAllAvailiableDepartmentsServiceImpl - end find departments
2022-01-07 20:42:03 [main] DEBUG
			jwd.task03innerclass.service.impl.FindAllAvailiableDepartmentsServiceImpl - end find departments
2022-01-07 20:42:03 [main] DEBUG
			by.jwd.task03innerclass.service.Validation - start validation
2022-01-07 20:42:03 [main] DEBUG
			by.jwd.task03innerclass.service.Validation - start validation
2022-01-07 20:42:03 [main] DEBUG
			by.jwd.task03innerclass.service.Validation - end validation
2022-01-07 20:42:03 [main] DEBUG
			by.jwd.task03innerclass.service.Validation - end validation
2022-01-07 20:42:03 [main] DEBUG
			jwd.task03innerclass.service.impl.FindDepartmentByGoodTitleServiceImpl - start find department by good title
2022-01-07 20:42:03 [main] DEBUG
			jwd.task03innerclass.service.impl.FindDepartmentByGoodTitleServiceImpl - start find department by good title
2022-01-07 20:42:03 [main] DEBUG
			jwd.task03innerclass.service.impl.FindDepartmentByGoodTitleServiceImpl - end find department by good title
2022-01-07 20:42:03 [main] DEBUG
			jwd.task03innerclass.service.impl.FindDepartmentByGoodTitleServiceImpl - end find department by good title
2022-01-07 20:42:03 [main] DEBUG
			jwd.task03innerclass.service.impl.FindDepartmentByGoodTitleServiceImpl - start write to file
2022-01-07 20:42:03 [main] DEBUG
			jwd.task03innerclass.service.impl.FindDepartmentByGoodTitleServiceImpl - start write to file
2022-01-07 20:42:03 [main] DEBUG
			jwd.task03innerclass.service.impl.FindDepartmentByGoodTitleServiceImpl - end write to file
2022-01-07 20:42:03 [main] DEBUG
			jwd.task03innerclass.service.impl.FindDepartmentByGoodTitleServiceImpl - end write to file
2022-01-07 20:42:03 [main] DEBUG
			by.jwd.task03innerclass.service.Validation - start validation
2022-01-07 20:42:03 [main] DEBUG
			by.jwd.task03innerclass.service.Validation - start validation
2022-01-07 20:42:03 [main] DEBUG
			by.jwd.task03innerclass.service.Validation - end validation
2022-01-07 20:42:03 [main] DEBUG
			by.jwd.task03innerclass.service.Validation - end validation
2022-01-07 20:42:03 [main] DEBUG
			jwd.task03innerclass.service.impl.FindDepartmentByGoodTitleServiceImpl - start find department by good title
2022-01-07 20:42:03 [main] DEBUG
			jwd.task03innerclass.service.impl.FindDepartmentByGoodTitleServiceImpl - start find department by good title
2022-01-07 20:42:03 [main] DEBUG
			jwd.task03innerclass.service.impl.FindDepartmentByGoodTitleServiceImpl - end find department by good title
2022-01-07 20:42:03 [main] DEBUG
			jwd.task03innerclass.service.impl.FindDepartmentByGoodTitleServiceImpl - end find department by good title
2022-01-07 20:42:03 [main] DEBUG
			jwd.task03innerclass.service.impl.FindDepartmentByGoodTitleServiceImpl - start write to file
2022-01-07 20:42:03 [main] DEBUG
			jwd.task03innerclass.service.impl.FindDepartmentByGoodTitleServiceImpl - start write to file
2022-01-07 20:42:03 [main] DEBUG
			jwd.task03innerclass.service.impl.FindDepartmentByGoodTitleServiceImpl - end write to file
2022-01-07 20:42:03 [main] DEBUG
			jwd.task03innerclass.service.impl.FindDepartmentByGoodTitleServiceImpl - end write to file
2022-01-07 20:42:19 [main] DEBUG
			by.jwd.task03innerclass.service.Validation - start validation
2022-01-07 20:42:19 [main] DEBUG
			by.jwd.task03innerclass.service.Validation - start validation
2022-01-07 20:42:19 [main] DEBUG
			by.jwd.task03innerclass.service.Validation - end validation
2022-01-07 20:42:19 [main] DEBUG
			by.jwd.task03innerclass.service.Validation - end validation
2022-01-07 20:42:19 [main] DEBUG
			jwd.task03innerclass.service.impl.FindAllAvailiableAssortmentServiceImpl - start find assortment
2022-01-07 20:42:19 [main] DEBUG
			jwd.task03innerclass.service.impl.FindAllAvailiableAssortmentServiceImpl - start find assortment
2022-01-07 20:42:19 [main] DEBUG
			jwd.task03innerclass.service.impl.FindAllAvailiableAssortmentServiceImpl - end find assortment
2022-01-07 20:42:19 [main] DEBUG
			jwd.task03innerclass.service.impl.FindAllAvailiableAssortmentServiceImpl - end find assortment
2022-01-07 20:42:19 [main] DEBUG
			by.jwd.task03innerclass.service.Validation - start validation
2022-01-07 20:42:19 [main] DEBUG
			by.jwd.task03innerclass.service.Validation - start validation
2022-01-07 20:42:19 [main] DEBUG
			by.jwd.task03innerclass.service.Validation - end validation
2022-01-07 20:42:19 [main] DEBUG
			by.jwd.task03innerclass.service.Validation - end validation
2022-01-07 20:42:19 [main] DEBUG
			jwd.task03innerclass.service.impl.FindAllAvailiableAssortmentServiceImpl - start find assortment
2022-01-07 20:42:19 [main] DEBUG
			jwd.task03innerclass.service.impl.FindAllAvailiableAssortmentServiceImpl - start find assortment
2022-01-07 20:42:19 [main] DEBUG
			jwd.task03innerclass.service.impl.FindAllAvailiableAssortmentServiceImpl - end find assortment
2022-01-07 20:42:19 [main] DEBUG
			jwd.task03innerclass.service.impl.FindAllAvailiableAssortmentServiceImpl - end find assortment
2022-01-07 20:42:19 [main] DEBUG
			by.jwd.task03innerclass.service.Validation - start validation
2022-01-07 20:42:19 [main] DEBUG
			by.jwd.task03innerclass.service.Validation - start validation
2022-01-07 20:42:19 [main] DEBUG
			by.jwd.task03innerclass.service.Validation - start validation
2022-01-07 20:42:19 [main] DEBUG
			by.jwd.task03innerclass.service.Validation - start validation
2022-01-07 20:42:19 [main] DEBUG
			by.jwd.task03innerclass.service.Validation - end validation
2022-01-07 20:42:19 [main] DEBUG
			by.jwd.task03innerclass.service.Validation - end validation
2022-01-07 20:42:19 [main] DEBUG
			jwd.task03innerclass.service.impl.FindAssortmentOfDepartmentServiceImpl - start find assortment of the named department
2022-01-07 20:42:19 [main] DEBUG
			jwd.task03innerclass.service.impl.FindAssortmentOfDepartmentServiceImpl - start find assortment of the named department
2022-01-07 20:42:19 [main] DEBUG
			jwd.task03innerclass.service.impl.FindAssortmentOfDepartmentServiceImpl - end find assortment of the named department
2022-01-07 20:42:19 [main] DEBUG
			jwd.task03innerclass.service.impl.FindAssortmentOfDepartmentServiceImpl - end find assortment of the named department
2022-01-07 20:42:19 [main] DEBUG
			jwd.task03innerclass.service.impl.FindAssortmentOfDepartmentServiceImpl - start write to file
2022-01-07 20:42:19 [main] DEBUG
			jwd.task03innerclass.service.impl.FindAssortmentOfDepartmentServiceImpl - start write to file
2022-01-07 20:42:19 [main] DEBUG
			jwd.task03innerclass.service.impl.FindAssortmentOfDepartmentServiceImpl - end write to file
2022-01-07 20:42:19 [main] DEBUG
			jwd.task03innerclass.service.impl.FindAssortmentOfDepartmentServiceImpl - end write to file
2022-01-07 20:42:19 [main] DEBUG
			by.jwd.task03innerclass.service.Validation - start validation
2022-01-07 20:42:19 [main] DEBUG
			by.jwd.task03innerclass.service.Validation - start validation
2022-01-07 20:42:19 [main] DEBUG
			by.jwd.task03innerclass.service.Validation - end validation
2022-01-07 20:42:19 [main] DEBUG
			by.jwd.task03innerclass.service.Validation - end validation
2022-01-07 20:42:19 [main] DEBUG
			jwd.task03innerclass.service.impl.FindAssortmentOfDepartmentServiceImpl - start find assortment of the named department
2022-01-07 20:42:19 [main] DEBUG
			jwd.task03innerclass.service.impl.FindAssortmentOfDepartmentServiceImpl - start find assortment of the named department
2022-01-07 20:42:19 [main] DEBUG
			jwd.task03innerclass.service.impl.FindAssortmentOfDepartmentServiceImpl - end find assortment of the named department
2022-01-07 20:42:19 [main] DEBUG
			jwd.task03innerclass.service.impl.FindAssortmentOfDepartmentServiceImpl - end find assortment of the named department
2022-01-07 20:42:19 [main] DEBUG
			jwd.task03innerclass.service.impl.FindAssortmentOfDepartmentServiceImpl - start write to file
2022-01-07 20:42:19 [main] DEBUG
			jwd.task03innerclass.service.impl.FindAssortmentOfDepartmentServiceImpl - start write to file
2022-01-07 20:42:19 [main] DEBUG
			jwd.task03innerclass.service.impl.FindAssortmentOfDepartmentServiceImpl - end write to file
2022-01-07 20:42:19 [main] DEBUG
			jwd.task03innerclass.service.impl.FindAssortmentOfDepartmentServiceImpl - end write to file
2022-01-07 20:42:19 [main] DEBUG
			by.jwd.task03innerclass.service.Validation - start validation
2022-01-07 20:42:19 [main] DEBUG
			by.jwd.task03innerclass.service.Validation - start validation
2022-01-07 20:42:19 [main] DEBUG
			by.jwd.task03innerclass.service.Validation - end validation
2022-01-07 20:42:19 [main] DEBUG
			by.jwd.task03innerclass.service.Validation - end validation
2022-01-07 20:42:19 [main] DEBUG
			jwd.task03innerclass.service.impl.FindAllAvailiableDepartmentsServiceImpl - start find departments
2022-01-07 20:42:19 [main] DEBUG
			jwd.task03innerclass.service.impl.FindAllAvailiableDepartmentsServiceImpl - start find departments
2022-01-07 20:42:19 [main] DEBUG
			jwd.task03innerclass.service.impl.FindAllAvailiableDepartmentsServiceImpl - end find departments
2022-01-07 20:42:19 [main] DEBUG
			jwd.task03innerclass.service.impl.FindAllAvailiableDepartmentsServiceImpl - end find departments
2022-01-07 20:42:19 [main] DEBUG
			by.jwd.task03innerclass.service.Validation - start validation
2022-01-07 20:42:19 [main] DEBUG
			by.jwd.task03innerclass.service.Validation - start validation
2022-01-07 20:42:19 [main] DEBUG
			by.jwd.task03innerclass.service.Validation - end validation
2022-01-07 20:42:19 [main] DEBUG
			by.jwd.task03innerclass.service.Validation - end validation
2022-01-07 20:42:19 [main] DEBUG
			jwd.task03innerclass.service.impl.FindAllAvailiableDepartmentsServiceImpl - start find departments
2022-01-07 20:42:19 [main] DEBUG
			jwd.task03innerclass.service.impl.FindAllAvailiableDepartmentsServiceImpl - start find departments
2022-01-07 20:42:19 [main] DEBUG
			jwd.task03innerclass.service.impl.FindAllAvailiableDepartmentsServiceImpl - end find departments
2022-01-07 20:42:19 [main] DEBUG
			jwd.task03innerclass.service.impl.FindAllAvailiableDepartmentsServiceImpl - end find departments
2022-01-07 20:42:19 [main] DEBUG
			by.jwd.task03innerclass.service.Validation - start validation
2022-01-07 20:42:19 [main] DEBUG
			by.jwd.task03innerclass.service.Validation - start validation
2022-01-07 20:42:19 [main] DEBUG
			by.jwd.task03innerclass.service.Validation - end validation
2022-01-07 20:42:19 [main] DEBUG
			by.jwd.task03innerclass.service.Validation - end validation
2022-01-07 20:42:19 [main] DEBUG
			jwd.task03innerclass.service.impl.FindDepartmentByGoodTitleServiceImpl - start find department by good title
2022-01-07 20:42:19 [main] DEBUG
			jwd.task03innerclass.service.impl.FindDepartmentByGoodTitleServiceImpl - start find department by good title
2022-01-07 20:42:19 [main] DEBUG
			jwd.task03innerclass.service.impl.FindDepartmentByGoodTitleServiceImpl - end find department by good title
2022-01-07 20:42:19 [main] DEBUG
			jwd.task03innerclass.service.impl.FindDepartmentByGoodTitleServiceImpl - end find department by good title
2022-01-07 20:42:19 [main] DEBUG
			jwd.task03innerclass.service.impl.FindDepartmentByGoodTitleServiceImpl - start write to file
2022-01-07 20:42:19 [main] DEBUG
			jwd.task03innerclass.service.impl.FindDepartmentByGoodTitleServiceImpl - start write to file
2022-01-07 20:42:19 [main] DEBUG
			jwd.task03innerclass.service.impl.FindDepartmentByGoodTitleServiceImpl - end write to file
2022-01-07 20:42:19 [main] DEBUG
			jwd.task03innerclass.service.impl.FindDepartmentByGoodTitleServiceImpl - end write to file
2022-01-07 20:42:19 [main] DEBUG
			by.jwd.task03innerclass.service.Validation - start validation
2022-01-07 20:42:19 [main] DEBUG
			by.jwd.task03innerclass.service.Validation - start validation
2022-01-07 20:42:19 [main] DEBUG
			by.jwd.task03innerclass.service.Validation - end validation
2022-01-07 20:42:19 [main] DEBUG
			by.jwd.task03innerclass.service.Validation - end validation
2022-01-07 20:42:19 [main] DEBUG
			jwd.task03innerclass.service.impl.FindDepartmentByGoodTitleServiceImpl - start find department by good title
2022-01-07 20:42:19 [main] DEBUG
			jwd.task03innerclass.service.impl.FindDepartmentByGoodTitleServiceImpl - start find department by good title
2022-01-07 20:42:19 [main] DEBUG
			jwd.task03innerclass.service.impl.FindDepartmentByGoodTitleServiceImpl - end find department by good title
2022-01-07 20:42:19 [main] DEBUG
			jwd.task03innerclass.service.impl.FindDepartmentByGoodTitleServiceImpl - end find department by good title
2022-01-07 20:42:19 [main] DEBUG
			jwd.task03innerclass.service.impl.FindDepartmentByGoodTitleServiceImpl - start write to file
2022-01-07 20:42:19 [main] DEBUG
			jwd.task03innerclass.service.impl.FindDepartmentByGoodTitleServiceImpl - start write to file
2022-01-07 20:42:19 [main] DEBUG
			jwd.task03innerclass.service.impl.FindDepartmentByGoodTitleServiceImpl - end write to file
2022-01-07 20:42:19 [main] DEBUG
			jwd.task03innerclass.service.impl.FindDepartmentByGoodTitleServiceImpl - end write to file
